Build started 24/11/2016 02:08:16.
     1>Project "C:\Users\Isabela\Desktop\SFML\exemplo\exemplo\exemplo.vcxproj" on node 2 (Build target(s)).
     1>C:\Program Files (x86)\MSBuild\Microsoft.Cpp\v4.0\V140\Microsoft.CppBuild.targets(392,5): warning MSB8028: The intermediate directory (x64\Debug\) contains files shared from another project (base.vcxproj, ch01.vcxproj).  This can lead to incorrect clean and rebuild behavior.
     1>ClCompile:
         C:\Program Files (x86)\Microsoft Visual Studio 14.0\VC\bin\x86_amd64\CL.exe /c /ZI /nologo /W3 /WX- /sdl /Od /D _MBCS /Gm /EHsc /RTC1 /MDd /GS /fp:precise /Zc:wchar_t /Zc:forScope /Zc:inline /Fo"x64\Debug\\" /Fd"x64\Debug\vc140.pdb" /Gd /TP /errorReport:prompt Mapa.cpp Source.cpp
         Source.cpp
     1>c:\users\isabela\desktop\sfml\exemplo\exemplo\source.cpp(16): warning C4244: 'argument': conversion from 'time_t' to 'unsigned int', possible loss of data
     1>c:\users\isabela\desktop\sfml\exemplo\exemplo\source.cpp(36): warning C4305: 'argument': truncation from 'double' to 'float'
         Mapa.cpp
     1>c:\users\isabela\desktop\sfml\exemplo\exemplo\mapa.cpp(20): warning C4305: '=': truncation from 'double' to 'float'
         Generating Code...
       Link:
         C:\Program Files (x86)\Microsoft Visual Studio 14.0\VC\bin\x86_amd64\link.exe /ERRORREPORT:PROMPT /OUT:"C:\Users\Isabela\Desktop\SFML\exemplo\x64\Debug\exemplo.exe" /INCREMENTAL /NOLOGO "sfml-graphics-d.lib" "sfml-window-d.lib" "sfml-audio-d.lib" "sfml-network-d.lib" "sfml-system-d.lib" /MANIFEST /MANIFESTUAC:"level='asInvoker' uiAccess='false'" /manifest:embed /DEBUG:FASTLINK /PDB:"C:\Users\Isabela\Desktop\SFML\exemplo\x64\Debug\exemplo.pdb" /TLBID:1 /DYNAMICBASE /NXCOMPAT /IMPLIB:"C:\Users\Isabela\Desktop\SFML\exemplo\x64\Debug\exemplo.lib" /MACHINE:X64 x64\Debug\Ancient.obj
         x64\Debug\Creep.obj
         x64\Debug\GerenteObjeto.obj
         x64\Debug\Heroi.obj
         x64\Debug\Mapa.obj
         x64\Debug\MiniMapa.obj
         x64\Debug\Objeto.obj
         x64\Debug\Source.obj
         x64\Debug\Torre.obj
         exemplo.vcxproj -> C:\Users\Isabela\Desktop\SFML\exemplo\x64\Debug\exemplo.exe
     1>Done Building Project "C:\Users\Isabela\Desktop\SFML\exemplo\exemplo\exemplo.vcxproj" (Build target(s)).

Build succeeded.

Time Elapsed 00:00:03.14
